;  LST file generated by mikroListExporter - v.2.0 
; Date/Time: 16/04/2022 10:48:17
;----------------------------------------------

;Address Opcode 	ASM
0x0000	0x2815      	GOTO       21
_____DoICP:
;__Lib_System.c,6 :: 		
;__Lib_System.c,9 :: 		
0x0003	0x1283      	BCF        STATUS, 5
0x0004	0x080D      	MOVF       ___DoICPAddr+1, 0
0x0005	0x008A      	MOVWF      PCLATH
;__Lib_System.c,10 :: 		
0x0006	0x080C      	MOVF       ___DoICPAddr, 0
0x0007	0x0082      	MOVWF      PCL
;__Lib_System.c,12 :: 		
L_end_____DoICP:
0x0008	0x0008      	RETURN
; end of _____DoICP
___CC2DW:
;__Lib_System.c,134 :: 		
;__Lib_System.c,137 :: 		
_CC2D_Loop1:
;__Lib_System.c,139 :: 		
0x0009	0x2003      	CALL       _____DoICP
0x000A	0x118A      	BCF        PCLATH, 3
0x000B	0x120A      	BCF        PCLATH, 4
;__Lib_System.c,141 :: 		
0x000C	0x0080      	MOVWF      INDF
;__Lib_System.c,142 :: 		
0x000D	0x0A84      	INCF       FSR, 1
;__Lib_System.c,143 :: 		
0x000E	0x0A8C      	INCF       ___DoICPAddr, 1
;__Lib_System.c,145 :: 		
0x000F	0x1903      	BTFSC      STATUS, 2
;__Lib_System.c,146 :: 		
0x0010	0x0A8D      	INCF       ___DoICPAddr+1, 1
;__Lib_System.c,147 :: 		
0x0011	0x03C0      	DECF       R0, 1
;__Lib_System.c,149 :: 		
0x0012	0x1D03      	BTFSS      STATUS, 2
;__Lib_System.c,150 :: 		
0x0013	0x2809      	GOTO       _CC2D_Loop1
;__Lib_System.c,152 :: 		
L_end___CC2DW:
0x0014	0x0008      	RETURN
; end of ___CC2DW
_main:
;comp.c,1 :: 		void main() {
;comp.c,3 :: 		char nbre[] = { 0x06,0x5B,0x4F,0x66,0x6D, 0x7D, 0x07,0x7F, 0x6F} ; // 0x7F
0x0015	0x3006      	MOVLW      6
0x0016	0x1283      	BCF        STATUS, 5
0x0017	0x008E      	MOVWF      main_nbre_L0
0x0018	0x305B      	MOVLW      91
0x0019	0x008F      	MOVWF      main_nbre_L0+1
0x001A	0x304F      	MOVLW      79
0x001B	0x0090      	MOVWF      main_nbre_L0+2
0x001C	0x3066      	MOVLW      102
0x001D	0x0091      	MOVWF      main_nbre_L0+3
0x001E	0x306D      	MOVLW      109
0x001F	0x0092      	MOVWF      main_nbre_L0+4
0x0020	0x307D      	MOVLW      125
0x0021	0x0093      	MOVWF      main_nbre_L0+5
0x0022	0x3007      	MOVLW      7
0x0023	0x0094      	MOVWF      main_nbre_L0+6
0x0024	0x307F      	MOVLW      127
0x0025	0x0095      	MOVWF      main_nbre_L0+7
0x0026	0x306F      	MOVLW      111
0x0027	0x0096      	MOVWF      main_nbre_L0+8
0x0028	0x0197      	CLRF       main_i_L0
0x0029	0x0198      	CLRF       main_i_L0+1
;comp.c,6 :: 		TRISB = 0;
0x002A	0x1683      	BSF        STATUS, 5
0x002B	0x0186      	CLRF       TRISB
;comp.c,7 :: 		PORTB = 0;
0x002C	0x1283      	BCF        STATUS, 5
0x002D	0x0186      	CLRF       PORTB
;comp.c,8 :: 		TRISA = 1;
0x002E	0x3001      	MOVLW      1
0x002F	0x1683      	BSF        STATUS, 5
0x0030	0x0085      	MOVWF      TRISA
;comp.c,10 :: 		while (1==1)
L_main0:
;comp.c,12 :: 		if  (PORTA.F0 == 1)
0x0031	0x1283      	BCF        STATUS, 5
0x0032	0x1C05      	BTFSS      PORTA, 0
0x0033	0x285A      	GOTO       L_main2
;comp.c,14 :: 		for (i= 0; i <9; i++)
0x0034	0x0197      	CLRF       main_i_L0
0x0035	0x0198      	CLRF       main_i_L0+1
L_main3:
0x0036	0x3080      	MOVLW      128
0x0037	0x0618      	XORWF      main_i_L0+1, 0
0x0038	0x00C0      	MOVWF      R0
0x0039	0x3080      	MOVLW      128
0x003A	0x0240      	SUBWF      R0, 0
0x003B	0x1D03      	BTFSS      STATUS, 2
0x003C	0x283F      	GOTO       L__main13
0x003D	0x3009      	MOVLW      9
0x003E	0x0217      	SUBWF      main_i_L0, 0
L__main13:
0x003F	0x1803      	BTFSC      STATUS, 0
0x0040	0x2859      	GOTO       L_main4
;comp.c,16 :: 		PORTB = nbre[i];
0x0041	0x1283      	BCF        STATUS, 5
0x0042	0x0817      	MOVF       main_i_L0, 0
0x0043	0x3E0E      	ADDLW      main_nbre_L0
0x0044	0x0084      	MOVWF      FSR
0x0045	0x0800      	MOVF       INDF, 0
0x0046	0x0086      	MOVWF      PORTB
;comp.c,17 :: 		delay_ms(500);
0x0047	0x3006      	MOVLW      6
0x0048	0x00CB      	MOVWF      R11
0x0049	0x3013      	MOVLW      19
0x004A	0x00CC      	MOVWF      R12
0x004B	0x30AD      	MOVLW      173
0x004C	0x00CD      	MOVWF      R13
L_main6:
0x004D	0x0BCD      	DECFSZ     R13, 1
0x004E	0x284D      	GOTO       L_main6
0x004F	0x0BCC      	DECFSZ     R12, 1
0x0050	0x284D      	GOTO       L_main6
0x0051	0x0BCB      	DECFSZ     R11, 1
0x0052	0x284D      	GOTO       L_main6
0x0053	0x0000      	NOP
0x0054	0x0000      	NOP
;comp.c,14 :: 		for (i= 0; i <9; i++)
0x0055	0x0A97      	INCF       main_i_L0, 1
0x0056	0x1903      	BTFSC      STATUS, 2
0x0057	0x0A98      	INCF       main_i_L0+1, 1
;comp.c,18 :: 		}
0x0058	0x2836      	GOTO       L_main3
L_main4:
;comp.c,19 :: 		}
0x0059	0x2887      	GOTO       L_main7
L_main2:
;comp.c,22 :: 		for (i= 0; i <9; i++)
0x005A	0x0197      	CLRF       main_i_L0
0x005B	0x0198      	CLRF       main_i_L0+1
L_main8:
0x005C	0x3080      	MOVLW      128
0x005D	0x0618      	XORWF      main_i_L0+1, 0
0x005E	0x00C0      	MOVWF      R0
0x005F	0x3080      	MOVLW      128
0x0060	0x0240      	SUBWF      R0, 0
0x0061	0x1D03      	BTFSS      STATUS, 2
0x0062	0x2865      	GOTO       L__main14
0x0063	0x3009      	MOVLW      9
0x0064	0x0217      	SUBWF      main_i_L0, 0
L__main14:
0x0065	0x1803      	BTFSC      STATUS, 0
0x0066	0x2887      	GOTO       L_main9
;comp.c,24 :: 		PORTB = nbre[9-i];
0x0067	0x1283      	BCF        STATUS, 5
0x0068	0x0817      	MOVF       main_i_L0, 0
0x0069	0x3C09      	SUBLW      9
0x006A	0x00C0      	MOVWF      R0
0x006B	0x0818      	MOVF       main_i_L0+1, 0
0x006C	0x1C03      	BTFSS      STATUS, 0
0x006D	0x3E01      	ADDLW      1
0x006E	0x01C1      	CLRF       R0+1
0x006F	0x02C1      	SUBWF      R0+1, 1
0x0070	0x0840      	MOVF       R0, 0
0x0071	0x3E0E      	ADDLW      main_nbre_L0
0x0072	0x0084      	MOVWF      FSR
0x0073	0x0800      	MOVF       INDF, 0
0x0074	0x0086      	MOVWF      PORTB
;comp.c,25 :: 		delay_ms(500);
0x0075	0x3006      	MOVLW      6
0x0076	0x00CB      	MOVWF      R11
0x0077	0x3013      	MOVLW      19
0x0078	0x00CC      	MOVWF      R12
0x0079	0x30AD      	MOVLW      173
0x007A	0x00CD      	MOVWF      R13
L_main11:
0x007B	0x0BCD      	DECFSZ     R13, 1
0x007C	0x287B      	GOTO       L_main11
0x007D	0x0BCC      	DECFSZ     R12, 1
0x007E	0x287B      	GOTO       L_main11
0x007F	0x0BCB      	DECFSZ     R11, 1
0x0080	0x287B      	GOTO       L_main11
0x0081	0x0000      	NOP
0x0082	0x0000      	NOP
;comp.c,22 :: 		for (i= 0; i <9; i++)
0x0083	0x0A97      	INCF       main_i_L0, 1
0x0084	0x1903      	BTFSC      STATUS, 2
0x0085	0x0A98      	INCF       main_i_L0+1, 1
;comp.c,26 :: 		}
0x0086	0x285C      	GOTO       L_main8
L_main9:
;comp.c,27 :: 		}
L_main7:
;comp.c,28 :: 		}
0x0087	0x2831      	GOTO       L_main0
;comp.c,31 :: 		}
L_end_main:
0x0088	0x2888      	GOTO       $+0
; end of _main
Symbol List:
//** Routines locations **
//ADDRESS    SIZE    PROCEDURE
//----------------------------------------------
0x0003       [6]    _____DoICP
0x0009      [12]    ___CC2DW
0x0015     [116]    _main
//** Variables locations ** 
//ADDRESS    SIZE    VARIABLE
//----------------------------------------------
0x0000       [1]    INDF
0x0002       [1]    PCL
0x0003       [1]    STATUS
0x0004       [1]    FSR
0x0005       [1]    PORTA
0x0006       [1]    PORTB
0x000A       [1]    PCLATH
0x000C       [2]    ___DoICPAddr
0x000E       [9]    main_nbre_L0
0x0017       [2]    main_i_L0
0x0040       [1]    R0
0x0041       [1]    R1
0x0042       [1]    R2
0x0043       [1]    R3
0x0044       [1]    R4
0x0045       [1]    R5
0x0046       [1]    R6
0x0047       [1]    R7
0x0048       [1]    R8
0x0049       [1]    R9
0x004A       [1]    R10
0x004B       [1]    R11
0x004C       [1]    R12
0x004D       [1]    R13
0x004E       [1]    R14
0x004F       [1]    R15
0x0085       [1]    TRISA
0x0086       [1]    TRISB
//** Label List: ** 
//----------------------------------------------
  L_main0
  L_main1
  L_main2
  L_main3
  L_main4
  L_main5
  L_main6
  L_main7
  L_main8
  L_main9
  L_main10
  L_main11
  L_end_main
  _main
  L__main13
  L__main14
  L_loopCA2AWs
  L_CA2AWend
  _CCA2AW_Loop1
  L_loopCS2Ss
  L_CS2Send
  _CCS2S_Loop1
  L_CCS2Send
  L_loopFZinSWs
  L_FZinSend
  _CC2D_Loop1
  L_end_____DoICP
  _____DoICP
  L_end_____DoIFC
  _____DoIFC
  L_end___CA2AW
  ___CA2AW
  L_end___CCA2AW
  ___CCA2AW
  L_end___CS2S
  ___CS2S
  L_end___CCS2S
  ___CCS2S
  L_end___FZinS
  ___FZinS
  L_end___CC2DW
  ___CC2DW
  L_end_Swap
  _Swap
